-------------------------------------------------------------------------------
Test set: com.cm.projects.talaa.poc.TalaaPocApplicationTests
-------------------------------------------------------------------------------
Tests run: 1, Failures: 1, Errors: 0, Skipped: 0, Time elapsed: 19.501 s <<< FAILURE! - in com.cm.projects.talaa.poc.TalaaPocApplicationTests
testReverseString(com.cm.projects.talaa.poc.TalaaPocApplicationTests)  Time elapsed: 0.007 s  <<< FAILURE!
java.lang.AssertionError: Testing reversing string while maintaining special chars expected same:<a,b$c> was not:<c,b$a>
	at com.cm.projects.talaa.poc.TalaaPocApplicationTests.testReverseString(TalaaPocApplicationTests.java:25)

